This is pdfTeX, Version 3.141592653-2.6-1.40.25 (MiKTeX 23.12) (preloaded format=pdflatex 2026.5.18)  17 JUL 2026 20:08
entering extended mode
 restricted \write18 enabled.
 %&-line parsing enabled.
**./APRESENTACAO_IFG_2023.tex
(APRESENTACAO_IFG_2023.tex
LaTeX2e <2023-11-01>
L3 programming layer <2024-01-04>

(C:\Users\wagner.araujo\AppData\Local\Programs\MiKTeX\tex/latex/beamer\beamer.c
ls
Document Class: beamer 2024/01/06 v3.71 A class for typesetting presentations

(C:\Users\wagner.araujo\AppData\Local\Programs\MiKTeX\tex/latex/beamer\beamerba
semodes.sty
(C:\Users\wagner.araujo\AppData\Local\Programs\MiKTeX\tex/latex/etoolbox\etoolb
ox.sty
Package: etoolbox 2020/10/05 v2.5k e-TeX tools for LaTeX (JAW)
\etb@tempcnta=\count187
)
\beamer@tempbox=\box51
\beamer@tempcount=\count188
\c@beamerpauses=\count189

(C:\Users\wagner.araujo\AppData\Local\Programs\MiKTeX\tex/latex/beamer\beamerba
sedecode.sty
\beamer@slideinframe=\count190
\beamer@minimum=\count191
\beamer@decode@box=\box52
)
\beamer@commentbox=\box53
\beamer@modecount=\count192
)
(C:\Users\wagner.araujo\AppData\Local\Programs\MiKTeX\tex/generic/iftex\iftex.s
ty
Package: iftex 2022/02/03 v1.0f TeX engine tests
)
\headdp=\dimen140
\footheight=\dimen141
\sidebarheight=\dimen142
\beamer@tempdim=\dimen143
\beamer@finalheight=\dimen144
\beamer@animht=\dimen145
\beamer@animdp=\dimen146
\beamer@animwd=\dimen147
\beamer@leftmargin=\dimen148
\beamer@rightmargin=\dimen149
\beamer@leftsidebar=\dimen150
\beamer@rightsidebar=\dimen151
\beamer@boxsize=\dimen152
\beamer@vboxoffset=\dimen153
\beamer@descdefault=\dimen154
\beamer@descriptionwidth=\dimen155
\beamer@lastskip=\skip48
\beamer@areabox=\box54
\beamer@animcurrent=\box55
\beamer@animshowbox=\box56
\beamer@sectionbox=\box57
\beamer@logobox=\box58
\beamer@linebox=\box59
\beamer@sectioncount=\count193
\beamer@subsubsectionmax=\count194
\beamer@subsectionmax=\count195
\beamer@sectionmax=\count196
\beamer@totalheads=\count197
\beamer@headcounter=\count198
\beamer@partstartpage=\count199
\beamer@sectionstartpage=\count266
\beamer@subsectionstartpage=\count267
\beamer@animationtempa=\count268
\beamer@animationtempb=\count269
\beamer@xpos=\count270
\beamer@ypos=\count271
\beamer@ypos@offset=\count272
\beamer@showpartnumber=\count273
\beamer@currentsubsection=\count274
\beamer@coveringdepth=\count275
\beamer@sectionadjust=\count276
\beamer@toclastsection=\count277
\beamer@tocsectionnumber=\count278

(C:\Users\wagner.araujo\AppData\Local\Programs\MiKTeX\tex/latex/beamer\beamerba
seoptions.sty
(C:\Users\wagner.araujo\AppData\Local\Programs\MiKTeX\tex/latex/graphics\keyval
.sty
Package: keyval 2022/05/29 v1.15 key=value parser (DPC)
\KV@toks@=\toks17
))
\beamer@paperwidth=\skip49
\beamer@paperheight=\skip50

(C:\Users\wagner.araujo\AppData\Local\Programs\MiKTeX\tex/latex/geometry\geomet
ry.sty
Package: geometry 2020/01/02 v5.9 Page Geometry

(C:\Users\wagner.araujo\AppData\Local\Programs\MiKTeX\tex/generic/iftex\ifvtex.
sty
Package: ifvtex 2019/10/25 v1.7 ifvtex legacy package. Use iftex instead.
)
\Gm@cnth=\count279
\Gm@cntv=\count280
\c@Gm@tempcnt=\count281
\Gm@bindingoffset=\dimen156
\Gm@wd@mp=\dimen157
\Gm@odd@mp=\dimen158
\Gm@even@mp=\dimen159
\Gm@layoutwidth=\dimen160
\Gm@layoutheight=\dimen161
\Gm@layouthoffset=\dimen162
\Gm@layoutvoffset=\dimen163
\Gm@dimlist=\toks18

(C:\Users\wagner.araujo\AppData\Local\Programs\MiKTeX\tex/latex/geometry\geomet
ry.cfg))
(C:\Users\wagner.araujo\AppData\Local\Programs\MiKTeX\tex/latex/pgf/math\pgfmat
h.sty
(C:\Users\wagner.araujo\AppData\Local\Programs\MiKTeX\tex/latex/pgf/utilities\p
gfrcs.sty
(C:\Users\wagner.araujo\AppData\Local\Programs\MiKTeX\tex/generic/pgf/utilities
\pgfutil-common.tex
\pgfutil@everybye=\toks19
\pgfutil@tempdima=\dimen164
\pgfutil@tempdimb=\dimen165
)
(C:\Users\wagner.araujo\AppData\Local\Programs\MiKTeX\tex/generic/pgf/utilities
\pgfutil-latex.def
\pgfutil@abb=\box60
)
(C:\Users\wagner.araujo\AppData\Local\Programs\MiKTeX\tex/generic/pgf/utilities
\pgfrcs.code.tex
(C:\Users\wagner.araujo\AppData\Local\Programs\MiKTeX\tex/generic/pgf\pgf.revis
ion.tex)
Package: pgfrcs 2023-01-15 v3.1.10 (3.1.10)
))
(C:\Users\wagner.araujo\AppData\Local\Programs\MiKTeX\tex/latex/pgf/utilities\p
gfkeys.sty
(C:\Users\wagner.araujo\AppData\Local\Programs\MiKTeX\tex/generic/pgf/utilities
\pgfkeys.code.tex
\pgfkeys@pathtoks=\toks20
\pgfkeys@temptoks=\toks21

(C:\Users\wagner.araujo\AppData\Local\Programs\MiKTeX\tex/generic/pgf/utilities
\pgfkeyslibraryfiltered.code.tex
\pgfkeys@tmptoks=\toks22
)))
(C:\Users\wagner.araujo\AppData\Local\Programs\MiKTeX\tex/generic/pgf/math\pgfm
ath.code.tex
(C:\Users\wagner.araujo\AppData\Local\Programs\MiKTeX\tex/generic/pgf/math\pgfm
athutil.code.tex
\pgf@x=\dimen166
\pgf@xa=\dimen167
\pgf@xb=\dimen168
\pgf@xc=\dimen169
\pgf@y=\dimen170
\pgf@ya=\dimen171
\pgf@yb=\dimen172
\pgf@yc=\dimen173
\c@pgf@counta=\count282
\c@pgf@countb=\count283
\c@pgf@countc=\count284
\c@pgf@countd=\count285
)
(C:\Users\wagner.araujo\AppData\Local\Programs\MiKTeX\tex/generic/pgf/math\pgfm
athparser.code.tex
\pgfmath@dimen=\dimen174
\pgfmath@count=\count286
\pgfmath@box=\box61
\pgfmath@toks=\toks23
\pgfmath@stack@operand=\toks24
\pgfmath@stack@operation=\toks25
)
(C:\Users\wagner.araujo\AppData\Local\Programs\MiKTeX\tex/generic/pgf/math\pgfm
athfunctions.code.tex)
(C:\Users\wagner.araujo\AppData\Local\Programs\MiKTeX\tex/generic/pgf/math\pgfm
athfunctions.basic.code.tex)
(C:\Users\wagner.araujo\AppData\Local\Programs\MiKTeX\tex/generic/pgf/math\pgfm
athfunctions.trigonometric.code.tex)
(C:\Users\wagner.araujo\AppData\Local\Programs\MiKTeX\tex/generic/pgf/math\pgfm
athfunctions.random.code.tex)
(C:\Users\wagner.araujo\AppData\Local\Programs\MiKTeX\tex/generic/pgf/math\pgfm
athfunctions.comparison.code.tex)
(C:\Users\wagner.araujo\AppData\Local\Programs\MiKTeX\tex/generic/pgf/math\pgfm
athfunctions.base.code.tex)
(C:\Users\wagner.araujo\AppData\Local\Programs\MiKTeX\tex/generic/pgf/math\pgfm
athfunctions.round.code.tex)
(C:\Users\wagner.araujo\AppData\Local\Programs\MiKTeX\tex/generic/pgf/math\pgfm
athfunctions.misc.code.tex)
(C:\Users\wagner.araujo\AppData\Local\Programs\MiKTeX\tex/generic/pgf/math\pgfm
athfunctions.integerarithmetics.code.tex)
(C:\Users\wagner.araujo\AppData\Local\Programs\MiKTeX\tex/generic/pgf/math\pgfm
athcalc.code.tex)
(C:\Users\wagner.araujo\AppData\Local\Programs\MiKTeX\tex/generic/pgf/math\pgfm
athfloat.code.tex
\c@pgfmathroundto@lastzeros=\count287
)))
(C:\Users\wagner.araujo\AppData\Local\Programs\MiKTeX\tex/latex/base\size11.clo
File: size11.clo 2023/05/17 v1.4n Standard LaTeX file (size option)
)
(C:\Users\wagner.araujo\AppData\Local\Programs\MiKTeX\tex/latex/pgf/basiclayer\
pgfcore.sty
(C:\Users\wagner.araujo\AppData\Local\Programs\MiKTeX\tex/latex/graphics\graphi
cx.sty
Package: graphicx 2021/09/16 v1.2d Enhanced LaTeX Graphics (DPC,SPQR)

(C:\Users\wagner.araujo\AppData\Local\Programs\MiKTeX\tex/latex/graphics\graphi
cs.sty
Package: graphics 2022/03/10 v1.4e Standard LaTeX Graphics (DPC,SPQR)

(C:\Users\wagner.araujo\AppData\Local\Programs\MiKTeX\tex/latex/graphics\trig.s
ty
Package: trig 2021/08/11 v1.11 sin cos tan (DPC)
)
(C:\Users\wagner.araujo\AppData\Local\Programs\MiKTeX\tex/latex/graphics-cfg\gr
aphics.cfg
File: graphics.cfg 2016/06/04 v1.11 sample graphics configuration
)
Package graphics Info: Driver file: pdftex.def on input line 107.

(C:\Users\wagner.araujo\AppData\Local\Programs\MiKTeX\tex/latex/graphics-def\pd
ftex.def
File: pdftex.def 2022/09/22 v1.2b Graphics/color driver for pdftex
))
\Gin@req@height=\dimen175
\Gin@req@width=\dimen176
)
(C:\Users\wagner.araujo\AppData\Local\Programs\MiKTeX\tex/latex/pgf/systemlayer
\pgfsys.sty
(C:\Users\wagner.araujo\AppData\Local\Programs\MiKTeX\tex/generic/pgf/systemlay
er\pgfsys.code.tex
Package: pgfsys 2023-01-15 v3.1.10 (3.1.10)
\pgf@x=\dimen177
\pgf@y=\dimen178
\pgf@xa=\dimen179
\pgf@ya=\dimen180
\pgf@xb=\dimen181
\pgf@yb=\dimen182
\pgf@xc=\dimen183
\pgf@yc=\dimen184
\pgf@xd=\dimen185
\pgf@yd=\dimen186
\w@pgf@writea=\write3
\r@pgf@reada=\read2
\c@pgf@counta=\count288
\c@pgf@countb=\count289
\c@pgf@countc=\count290
\c@pgf@countd=\count291
\t@pgf@toka=\toks26
\t@pgf@tokb=\toks27
\t@pgf@tokc=\toks28
\pgf@sys@id@count=\count292

(C:\Users\wagner.araujo\AppData\Local\Programs\MiKTeX\tex/generic/pgf/systemlay
er\pgf.cfg
File: pgf.cfg 2023-01-15 v3.1.10 (3.1.10)
)
Driver file for pgf: pgfsys-pdftex.def

(C:\Users\wagner.araujo\AppData\Local\Programs\MiKTeX\tex/generic/pgf/systemlay
er\pgfsys-pdftex.def
File: pgfsys-pdftex.def 2023-01-15 v3.1.10 (3.1.10)

(C:\Users\wagner.araujo\AppData\Local\Programs\MiKTeX\tex/generic/pgf/systemlay
er\pgfsys-common-pdf.def
File: pgfsys-common-pdf.def 2023-01-15 v3.1.10 (3.1.10)
)))
(C:\Users\wagner.araujo\AppData\Local\Programs\MiKTeX\tex/generic/pgf/systemlay
er\pgfsyssoftpath.code.tex
File: pgfsyssoftpath.code.tex 2023-01-15 v3.1.10 (3.1.10)
\pgfsyssoftpath@smallbuffer@items=\count293
\pgfsyssoftpath@bigbuffer@items=\count294
)
(C:\Users\wagner.araujo\AppData\Local\Programs\MiKTeX\tex/generic/pgf/systemlay
er\pgfsysprotocol.code.tex
File: pgfsysprotocol.code.tex 2023-01-15 v3.1.10 (3.1.10)
))
(C:\Users\wagner.araujo\AppData\Local\Programs\MiKTeX\tex/latex/xcolor\xcolor.s
ty
Package: xcolor 2023/11/15 v3.01 LaTeX color extensions (UK)

(C:\Users\wagner.araujo\AppData\Local\Programs\MiKTeX\tex/latex/graphics-cfg\co
lor.cfg
File: color.cfg 2016/01/02 v1.6 sample color configuration
)
Package xcolor Info: Driver file: pdftex.def on input line 274.

(C:\Users\wagner.araujo\AppData\Local\Programs\MiKTeX\tex/latex/graphics\mathco
lor.ltx)
Package xcolor Info: Model `cmy' substituted by `cmy0' on input line 1350.
Package xcolor Info: Model `hsb' substituted by `rgb' on input line 1354.
Package xcolor Info: Model `RGB' extended on input line 1366.
Package xcolor Info: Model `HTML' substituted by `rgb' on input line 1368.
Package xcolor Info: Model `Hsb' substituted by `hsb' on input line 1369.
Package xcolor Info: Model `tHsb' substituted by `hsb' on input line 1370.
Package xcolor Info: Model `HSB' substituted by `hsb' on input line 1371.
Package xcolor Info: Model `Gray' substituted by `gray' on input line 1372.
Package xcolor Info: Model `wave' substituted by `hsb' on input line 1373.
)
(C:\Users\wagner.araujo\AppData\Local\Programs\MiKTeX\tex/latex/colortbl\colort
bl.sty
Package: colortbl 2022/06/20 v1.0f Color table columns (DPC)

(C:\Users\wagner.araujo\AppData\Local\Programs\MiKTeX\tex/latex/tools\array.sty
Package: array 2023/10/16 v2.5g Tabular extension package (FMi)
\col@sep=\dimen187
\ar@mcellbox=\box62
\extrarowheight=\dimen188
\NC@list=\toks29
\extratabsurround=\skip51
\backup@length=\skip52
\ar@cellbox=\box63
)
\everycr=\toks30
\minrowclearance=\skip53
\rownum=\count295
)
(C:\Users\wagner.araujo\AppData\Local\Programs\MiKTeX\tex/generic/pgf/basiclaye
r\pgfcore.code.tex
Package: pgfcore 2023-01-15 v3.1.10 (3.1.10)

(C:\Users\wagner.araujo\AppData\Local\Programs\MiKTeX\tex/generic/pgf/math\pgfi
nt.code.tex)
(C:\Users\wagner.araujo\AppData\Local\Programs\MiKTeX\tex/generic/pgf/basiclaye
r\pgfcorepoints.code.tex
File: pgfcorepoints.code.tex 2023-01-15 v3.1.10 (3.1.10)
\pgf@picminx=\dimen189
\pgf@picmaxx=\dimen190
\pgf@picminy=\dimen191
\pgf@picmaxy=\dimen192
\pgf@pathminx=\dimen193
\pgf@pathmaxx=\dimen194
\pgf@pathminy=\dimen195
\pgf@pathmaxy=\dimen196
\pgf@xx=\dimen197
\pgf@xy=\dimen198
\pgf@yx=\dimen199
\pgf@yy=\dimen256
\pgf@zx=\dimen257
\pgf@zy=\dimen258
)
(C:\Users\wagner.araujo\AppData\Local\Programs\MiKTeX\tex/generic/pgf/basiclaye
r\pgfcorepathconstruct.code.tex
File: pgfcorepathconstruct.code.tex 2023-01-15 v3.1.10 (3.1.10)
\pgf@path@lastx=\dimen259
\pgf@path@lasty=\dimen260
)
(C:\Users\wagner.araujo\AppData\Local\Programs\MiKTeX\tex/generic/pgf/basiclaye
r\pgfcorepathusage.code.tex
File: pgfcorepathusage.code.tex 2023-01-15 v3.1.10 (3.1.10)
\pgf@shorten@end@additional=\dimen261
\pgf@shorten@start@additional=\dimen262
)
(C:\Users\wagner.araujo\AppData\Local\Programs\MiKTeX\tex/generic/pgf/basiclaye
r\pgfcorescopes.code.tex
File: pgfcorescopes.code.tex 2023-01-15 v3.1.10 (3.1.10)
\pgfpic=\box64
\pgf@hbox=\box65
\pgf@layerbox@main=\box66
\pgf@picture@serial@count=\count296
)
(C:\Users\wagner.araujo\AppData\Local\Programs\MiKTeX\tex/generic/pgf/basiclaye
r\pgfcoregraphicstate.code.tex
File: pgfcoregraphicstate.code.tex 2023-01-15 v3.1.10 (3.1.10)
\pgflinewidth=\dimen263
)
(C:\Users\wagner.araujo\AppData\Local\Programs\MiKTeX\tex/generic/pgf/basiclaye
r\pgfcoretransformations.code.tex
File: pgfcoretransformations.code.tex 2023-01-15 v3.1.10 (3.1.10)
\pgf@pt@x=\dimen264
\pgf@pt@y=\dimen265
\pgf@pt@temp=\dimen266
)
(C:\Users\wagner.araujo\AppData\Local\Programs\MiKTeX\tex/generic/pgf/basiclaye
r\pgfcorequick.code.tex
File: pgfcorequick.code.tex 2023-01-15 v3.1.10 (3.1.10)
)
(C:\Users\wagner.araujo\AppData\Local\Programs\MiKTeX\tex/generic/pgf/basiclaye
r\pgfcoreobjects.code.tex
File: pgfcoreobjects.code.tex 2023-01-15 v3.1.10 (3.1.10)
)
(C:\Users\wagner.araujo\AppData\Local\Programs\MiKTeX\tex/generic/pgf/basiclaye
r\pgfcorepathprocessing.code.tex
File: pgfcorepathprocessing.code.tex 2023-01-15 v3.1.10 (3.1.10)
)
(C:\Users\wagner.araujo\AppData\Local\Programs\MiKTeX\tex/generic/pgf/basiclaye
r\pgfcorearrows.code.tex
File: pgfcorearrows.code.tex 2023-01-15 v3.1.10 (3.1.10)
\pgfarrowsep=\dimen267
)
(C:\Users\wagner.araujo\AppData\Local\Programs\MiKTeX\tex/generic/pgf/basiclaye
r\pgfcoreshade.code.tex
File: pgfcoreshade.code.tex 2023-01-15 v3.1.10 (3.1.10)
\pgf@max=\dimen268
\pgf@sys@shading@range@num=\count297
\pgf@shadingcount=\count298
)
(C:\Users\wagner.araujo\AppData\Local\Programs\MiKTeX\tex/generic/pgf/basiclaye
r\pgfcoreimage.code.tex
File: pgfcoreimage.code.tex 2023-01-15 v3.1.10 (3.1.10)
)
(C:\Users\wagner.araujo\AppData\Local\Programs\MiKTeX\tex/generic/pgf/basiclaye
r\pgfcoreexternal.code.tex
File: pgfcoreexternal.code.tex 2023-01-15 v3.1.10 (3.1.10)
\pgfexternal@startupbox=\box67
)
(C:\Users\wagner.araujo\AppData\Local\Programs\MiKTeX\tex/generic/pgf/basiclaye
r\pgfcorelayers.code.tex
File: pgfcorelayers.code.tex 2023-01-15 v3.1.10 (3.1.10)
)
(C:\Users\wagner.araujo\AppData\Local\Programs\MiKTeX\tex/generic/pgf/basiclaye
r\pgfcoretransparency.code.tex
File: pgfcoretransparency.code.tex 2023-01-15 v3.1.10 (3.1.10)
)
(C:\Users\wagner.araujo\AppData\Local\Programs\MiKTeX\tex/generic/pgf/basiclaye
r\pgfcorepatterns.code.tex
File: pgfcorepatterns.code.tex 2023-01-15 v3.1.10 (3.1.10)
)
(C:\Users\wagner.araujo\AppData\Local\Programs\MiKTeX\tex/generic/pgf/basiclaye
r\pgfcorerdf.code.tex
File: pgfcorerdf.code.tex 2023-01-15 v3.1.10 (3.1.10)
)))
(C:\Users\wagner.araujo\AppData\Local\Programs\MiKTeX\tex/latex/pgf/utilities\x
xcolor.sty
Package: xxcolor 2003/10/24 ver 0.1
\XC@nummixins=\count299
\XC@countmixins=\count300
)
(C:\Users\wagner.araujo\AppData\Local\Programs\MiKTeX\tex/latex/base\atbegshi-l
tx.sty
Package: atbegshi-ltx 2021/01/10 v1.0c Emulation of the original atbegshi
package with kernel methods
)
(C:\Users\wagner.araujo\AppData\Local\Programs\MiKTeX\tex/latex/hyperref\hyperr
ef.sty
Package: hyperref 2023-11-26 v7.01g Hypertext links for LaTeX

(C:\Users\wagner.araujo\AppData\Local\Programs\MiKTeX\tex/generic/infwarerr\inf
warerr.sty
Package: infwarerr 2019/12/03 v1.5 Providing info/warning/error messages (HO)
)
(C:\Users\wagner.araujo\AppData\Local\Programs\MiKTeX\tex/latex/kvsetkeys\kvset
keys.sty
Package: kvsetkeys 2022-10-05 v1.19 Key value parser (HO)
)
(C:\Users\wagner.araujo\AppData\Local\Programs\MiKTeX\tex/generic/kvdefinekeys\
kvdefinekeys.sty
Package: kvdefinekeys 2019-12-19 v1.6 Define keys (HO)
)
(C:\Users\wagner.araujo\AppData\Local\Programs\MiKTeX\tex/generic/pdfescape\pdf
escape.sty
Package: pdfescape 2019/12/09 v1.15 Implements pdfTeX's escape features (HO)

(C:\Users\wagner.araujo\AppData\Local\Programs\MiKTeX\tex/generic/ltxcmds\ltxcm
ds.sty
Package: ltxcmds 2023-12-04 v1.26 LaTeX kernel commands for general use (HO)
)
(C:\Users\wagner.araujo\AppData\Local\Programs\MiKTeX\tex/generic/pdftexcmds\pd
ftexcmds.sty
Package: pdftexcmds 2020-06-27 v0.33 Utility functions of pdfTeX for LuaTeX (HO
)
Package pdftexcmds Info: \pdf@primitive is available.
Package pdftexcmds Info: \pdf@ifprimitive is available.
Package pdftexcmds Info: \pdfdraftmode found.
))
(C:\Users\wagner.araujo\AppData\Local\Programs\MiKTeX\tex/latex/hycolor\hycolor
.sty
Package: hycolor 2020-01-27 v1.10 Color options for hyperref/bookmark (HO)
)
(C:\Users\wagner.araujo\AppData\Local\Programs\MiKTeX\tex/latex/letltxmacro\let
ltxmacro.sty
Package: letltxmacro 2019/12/03 v1.6 Let assignment for LaTeX macros (HO)
)
(C:\Users\wagner.araujo\AppData\Local\Programs\MiKTeX\tex/latex/auxhook\auxhook
.sty
Package: auxhook 2019-12-17 v1.6 Hooks for auxiliary files (HO)
)
(C:\Users\wagner.araujo\AppData\Local\Programs\MiKTeX\tex/latex/hyperref\namere
f.sty
Package: nameref 2023-11-26 v2.56 Cross-referencing by name of section

(C:\Users\wagner.araujo\AppData\Local\Programs\MiKTeX\tex/latex/refcount\refcou
nt.sty
Package: refcount 2019/12/15 v3.6 Data extraction from label references (HO)
)
(C:\Users\wagner.araujo\AppData\Local\Programs\MiKTeX\tex/generic/gettitlestrin
g\gettitlestring.sty
Package: gettitlestring 2019/12/15 v1.6 Cleanup title references (HO)

(C:\Users\wagner.araujo\AppData\Local\Programs\MiKTeX\tex/latex/kvoptions\kvopt
ions.sty
Package: kvoptions 2022-06-15 v3.15 Key value format for package options (HO)
))
\c@section@level=\count301
)
\@linkdim=\dimen269
\Hy@linkcounter=\count302
\Hy@pagecounter=\count303

(C:\Users\wagner.araujo\AppData\Local\Programs\MiKTeX\tex/latex/hyperref\pd1enc
.def
File: pd1enc.def 2023-11-26 v7.01g Hyperref: PDFDocEncoding definition (HO)
Now handling font encoding PD1 ...
... no UTF-8 mapping file for font encoding PD1
)
(C:\Users\wagner.araujo\AppData\Local\Programs\MiKTeX\tex/generic/intcalc\intca
lc.sty
Package: intcalc 2019/12/15 v1.3 Expandable calculations with integers (HO)
)
\Hy@SavedSpaceFactor=\count304

(C:\Users\wagner.araujo\AppData\Local\Programs\MiKTeX\tex/latex/hyperref\puenc.
def
File: puenc.def 2023-11-26 v7.01g Hyperref: PDF Unicode definition (HO)
Now handling font encoding PU ...
... no UTF-8 mapping file for font encoding PU
)
Package hyperref Info: Option `bookmarks' set `true' on input line 4064.
Package hyperref Info: Option `bookmarksopen' set `true' on input line 4064.
Package hyperref Info: Option `implicit' set `false' on input line 4064.
Package hyperref Info: Hyper figures OFF on input line 4181.
Package hyperref Info: Link nesting OFF on input line 4186.
Package hyperref Info: Hyper index ON on input line 4189.
Package hyperref Info: Plain pages OFF on input line 4196.
Package hyperref Info: Backreferencing OFF on input line 4201.
Package hyperref Info: Implicit mode OFF; no redefinition of LaTeX internals.
Package hyperref Info: Bookmarks ON on input line 4448.
\c@Hy@tempcnt=\count305

(C:\Users\wagner.araujo\AppData\Local\Programs\MiKTeX\tex/latex/url\url.sty
\Urlmuskip=\muskip16
Package: url 2013/09/16  ver 3.4  Verb mode for urls, etc.
)
LaTeX Info: Redefining \url on input line 4786.
\XeTeXLinkMargin=\dimen270

(C:\Users\wagner.araujo\AppData\Local\Programs\MiKTeX\tex/generic/bitset\bitset
.sty
Package: bitset 2019/12/09 v1.3 Handle bit-vector datatype (HO)

(C:\Users\wagner.araujo\AppData\Local\Programs\MiKTeX\tex/generic/bigintcalc\bi
gintcalc.sty
Package: bigintcalc 2019/12/15 v1.5 Expandable calculations on big integers (HO
)
))
\Fld@menulength=\count306
\Field@Width=\dimen271
\Fld@charsize=\dimen272
Package hyperref Info: Hyper figures OFF on input line 6065.
Package hyperref Info: Link nesting OFF on input line 6070.
Package hyperref Info: Hyper index ON on input line 6073.
Package hyperref Info: backreferencing OFF on input line 6080.
Package hyperref Info: Link coloring OFF on input line 6085.
Package hyperref Info: Link coloring with OCG OFF on input line 6090.
Package hyperref Info: PDF/A mode OFF on input line 6095.
\Hy@abspage=\count307


Package hyperref Message: Stopped early.

)
Package hyperref Info: Driver (autodetected): hpdftex.

(C:\Users\wagner.araujo\AppData\Local\Programs\MiKTeX\tex/latex/hyperref\hpdfte
x.def
File: hpdftex.def 2023-11-26 v7.01g Hyperref driver for pdfTeX

(C:\Users\wagner.araujo\AppData\Local\Programs\MiKTeX\tex/latex/base\atveryend-
ltx.sty
Package: atveryend-ltx 2020/08/19 v1.0a Emulation of the original atveryend pac
kage
with kernel methods
)
\Fld@listcount=\count308
\c@bookmark@seq@number=\count309

(C:\Users\wagner.araujo\AppData\Local\Programs\MiKTeX\tex/latex/rerunfilecheck\
rerunfilecheck.sty
Package: rerunfilecheck 2022-07-10 v1.10 Rerun checks for auxiliary files (HO)

(C:\Users\wagner.araujo\AppData\Local\Programs\MiKTeX\tex/generic/uniquecounter
\uniquecounter.sty
Package: uniquecounter 2019/12/15 v1.4 Provide unlimited unique counter (HO)
)
Package uniquecounter Info: New unique counter `rerunfilecheck' on input line 2
85.
))
(C:\Users\wagner.araujo\AppData\Local\Programs\MiKTeX\tex/latex/beamer\beamerba
serequires.sty
(C:\Users\wagner.araujo\AppData\Local\Programs\MiKTeX\tex/latex/beamer\beamerba
secompatibility.sty)
(C:\Users\wagner.araujo\AppData\Local\Programs\MiKTeX\tex/latex/beamer\beamerba
sefont.sty
(C:\Users\wagner.araujo\AppData\Local\Programs\MiKTeX\tex/latex/amsfonts\amssym
b.sty
Package: amssymb 2013/01/14 v3.01 AMS font symbols

(C:\Users\wagner.araujo\AppData\Local\Programs\MiKTeX\tex/latex/amsfonts\amsfon
ts.sty
Package: amsfonts 2013/01/14 v3.01 Basic AMSFonts support
\@emptytoks=\toks31
\symAMSa=\mathgroup4
\symAMSb=\mathgroup5
LaTeX Font Info:    Redeclaring math symbol \hbar on input line 98.
LaTeX Font Info:    Overwriting math alphabet `\mathfrak' in version `bold'
(Font)                  U/euf/m/n --> U/euf/b/n on input line 106.
))
(C:\Users\wagner.araujo\AppData\Local\Programs\MiKTeX\tex/latex/sansmathaccent\
sansmathaccent.sty
Package: sansmathaccent 2020/01/31

(C:\Users\wagner.araujo\AppData\Local\Programs\MiKTeX\tex/latex/koma-script\scr
lfile.sty
Package: scrlfile 2023/07/07 v3.41 KOMA-Script package (file load hooks)

(C:\Users\wagner.araujo\AppData\Local\Programs\MiKTeX\tex/latex/koma-script\scr
lfile-hook.sty
Package: scrlfile-hook 2023/07/07 v3.41 KOMA-Script package (using LaTeX hooks)


(C:\Users\wagner.araujo\AppData\Local\Programs\MiKTeX\tex/latex/koma-script\scr
logo.sty
Package: scrlogo 2023/07/07 v3.41 KOMA-Script package (logo)
)))))
(C:\Users\wagner.araujo\AppData\Local\Programs\MiKTeX\tex/latex/beamer\beamerba
setranslator.sty
(C:\Users\wagner.araujo\AppData\Local\Programs\MiKTeX\tex/latex/translator\tran
slator.sty
Package: translator 2021-05-31 v1.12d Easy translation of strings in LaTeX
))
(C:\Users\wagner.araujo\AppData\Local\Programs\MiKTeX\tex/latex/beamer\beamerba
semisc.sty)
(C:\Users\wagner.araujo\AppData\Local\Programs\MiKTeX\tex/latex/beamer\beamerba
setwoscreens.sty)
(C:\Users\wagner.araujo\AppData\Local\Programs\MiKTeX\tex/latex/beamer\beamerba
seoverlay.sty
\beamer@argscount=\count310
\beamer@lastskipcover=\skip54
\beamer@trivlistdepth=\count311
)
(C:\Users\wagner.araujo\AppData\Local\Programs\MiKTeX\tex/latex/beamer\beamerba
setitle.sty)
(C:\Users\wagner.araujo\AppData\Local\Programs\MiKTeX\tex/latex/beamer\beamerba
sesection.sty
\c@lecture=\count312
\c@part=\count313
\c@section=\count314
\c@subsection=\count315
\c@subsubsection=\count316
)
(C:\Users\wagner.araujo\AppData\Local\Programs\MiKTeX\tex/latex/beamer\beamerba
seframe.sty
\beamer@framebox=\box68
\beamer@frametitlebox=\box69
\beamer@zoombox=\box70
\beamer@zoomcount=\count317
\beamer@zoomframecount=\count318
\beamer@frametextheight=\dimen273
\c@subsectionslide=\count319
\beamer@frametopskip=\skip55
\beamer@framebottomskip=\skip56
\beamer@frametopskipautobreak=\skip57
\beamer@framebottomskipautobreak=\skip58
\beamer@envbody=\toks32
\framewidth=\dimen274
\c@framenumber=\count320
)
(C:\Users\wagner.araujo\AppData\Local\Programs\MiKTeX\tex/latex/beamer\beamerba
severbatim.sty
\beamer@verbatimfileout=\write4
)
(C:\Users\wagner.araujo\AppData\Local\Programs\MiKTeX\tex/latex/beamer\beamerba
seframesize.sty
\beamer@splitbox=\box71
\beamer@autobreakcount=\count321
\beamer@autobreaklastheight=\dimen275
\beamer@frametitletoks=\toks33
\beamer@framesubtitletoks=\toks34
)
(C:\Users\wagner.araujo\AppData\Local\Programs\MiKTeX\tex/latex/beamer\beamerba
seframecomponents.sty
\beamer@footins=\box72
)
(C:\Users\wagner.araujo\AppData\Local\Programs\MiKTeX\tex/latex/beamer\beamerba
secolor.sty)
(C:\Users\wagner.araujo\AppData\Local\Programs\MiKTeX\tex/latex/beamer\beamerba
senotes.sty
\beamer@frameboxcopy=\box73
)
(C:\Users\wagner.araujo\AppData\Local\Programs\MiKTeX\tex/latex/beamer\beamerba
setoc.sty)
(C:\Users\wagner.araujo\AppData\Local\Programs\MiKTeX\tex/latex/beamer\beamerba
setemplates.sty
\beamer@sbttoks=\toks35

(C:\Users\wagner.araujo\AppData\Local\Programs\MiKTeX\tex/latex/beamer\beamerba
seauxtemplates.sty
(C:\Users\wagner.araujo\AppData\Local\Programs\MiKTeX\tex/latex/beamer\beamerba
seboxes.sty
\bmb@box=\box74
\bmb@colorbox=\box75
\bmb@boxwidth=\dimen276
\bmb@boxheight=\dimen277
\bmb@prevheight=\dimen278
\bmb@temp=\dimen279
\bmb@dima=\dimen280
\bmb@dimb=\dimen281
\bmb@prevheight=\dimen282
)
\beamer@blockheadheight=\dimen283
))
(C:\Users\wagner.araujo\AppData\Local\Programs\MiKTeX\tex/latex/beamer\beamerba
selocalstructure.sty
(C:\Users\wagner.araujo\AppData\Local\Programs\MiKTeX\tex/latex/tools\enumerate
.sty
Package: enumerate 2023/07/04 v3.00 enumerate extensions (DPC)
\@enLab=\toks36
)
\beamer@bibiconwidth=\skip59
\c@figure=\count322
\c@table=\count323
\abovecaptionskip=\skip60
\belowcaptionskip=\skip61
)
(C:\Users\wagner.araujo\AppData\Local\Programs\MiKTeX\tex/latex/beamer\beamerba
senavigation.sty
(C:\Users\wagner.araujo\AppData\Local\Programs\MiKTeX\tex/latex/beamer\beamerba
senavigationsymbols.tex)
\beamer@section@min@dim=\dimen284
)
(C:\Users\wagner.araujo\AppData\Local\Programs\MiKTeX\tex/latex/beamer\beamerba
setheorems.sty
(C:\Users\wagner.araujo\AppData\Local\Programs\MiKTeX\tex/latex/amsmath\amsmath
.sty
Package: amsmath 2023/05/13 v2.17o AMS math features
\@mathmargin=\skip62

For additional information on amsmath, use the `?' option.

(C:\Users\wagner.araujo\AppData\Local\Programs\MiKTeX\tex/latex/amsmath\amstext
.sty
Package: amstext 2021/08/26 v2.01 AMS text

(C:\Users\wagner.araujo\AppData\Local\Programs\MiKTeX\tex/latex/amsmath\amsgen.
sty
File: amsgen.sty 1999/11/30 v2.0 generic functions
\@emptytoks=\toks37
\ex@=\dimen285
))
(C:\Users\wagner.araujo\AppData\Local\Programs\MiKTeX\tex/latex/amsmath\amsbsy.
sty
Package: amsbsy 1999/11/29 v1.2d Bold Symbols
\pmbraise@=\dimen286
)
(C:\Users\wagner.araujo\AppData\Local\Programs\MiKTeX\tex/latex/amsmath\amsopn.
sty
Package: amsopn 2022/04/08 v2.04 operator names
)
\inf@bad=\count324
LaTeX Info: Redefining \frac on input line 234.
\uproot@=\count325
\leftroot@=\count326
LaTeX Info: Redefining \overline on input line 399.
LaTeX Info: Redefining \colon on input line 410.
\classnum@=\count327
\DOTSCASE@=\count328
LaTeX Info: Redefining \ldots on input line 496.
LaTeX Info: Redefining \dots on input line 499.
LaTeX Info: Redefining \cdots on input line 620.
\Mathstrutbox@=\box76
\strutbox@=\box77
LaTeX Info: Redefining \big on input line 722.
LaTeX Info: Redefining \Big on input line 723.
LaTeX Info: Redefining \bigg on input line 724.
LaTeX Info: Redefining \Bigg on input line 725.
\big@size=\dimen287
LaTeX Font Info:    Redeclaring font encoding OML on input line 743.
LaTeX Font Info:    Redeclaring font encoding OMS on input line 744.
\macc@depth=\count329
LaTeX Info: Redefining \bmod on input line 905.
LaTeX Info: Redefining \pmod on input line 910.
LaTeX Info: Redefining \smash on input line 940.
LaTeX Info: Redefining \relbar on input line 970.
LaTeX Info: Redefining \Relbar on input line 971.
\c@MaxMatrixCols=\count330
\dotsspace@=\muskip17
\c@parentequation=\count331
\dspbrk@lvl=\count332
\tag@help=\toks38
\row@=\count333
\column@=\count334
\maxfields@=\count335
\andhelp@=\toks39
\eqnshift@=\dimen288
\alignsep@=\dimen289
\tagshift@=\dimen290
\tagwidth@=\dimen291
\totwidth@=\dimen292
\lineht@=\dimen293
\@envbody=\toks40
\multlinegap=\skip63
\multlinetaggap=\skip64
\mathdisplay@stack=\toks41
LaTeX Info: Redefining \[ on input line 2953.
LaTeX Info: Redefining \] on input line 2954.
)
(C:\Users\wagner.araujo\AppData\Local\Programs\MiKTeX\tex/latex/amscls\amsthm.s
ty
Package: amsthm 2020/05/29 v2.20.6
\thm@style=\toks42
\thm@bodyfont=\toks43
\thm@headfont=\toks44
\thm@notefont=\toks45
\thm@headpunct=\toks46
\thm@preskip=\skip65
\thm@postskip=\skip66
\thm@headsep=\skip67
\dth@everypar=\toks47
)
\c@theorem=\count336
)
(C:\Users\wagner.araujo\AppData\Local\Programs\MiKTeX\tex/latex/beamer\beamerba
sethemes.sty))
(C:\Users\wagner.araujo\AppData\Local\Programs\MiKTeX\tex/latex/beamer\beamerth
emedefault.sty
(C:\Users\wagner.araujo\AppData\Local\Programs\MiKTeX\tex/latex/beamer\beamerfo
ntthemedefault.sty)
(C:\Users\wagner.araujo\AppData\Local\Programs\MiKTeX\tex/latex/beamer\beamerco
lorthemedefault.sty)
(C:\Users\wagner.araujo\AppData\Local\Programs\MiKTeX\tex/latex/beamer\beamerin
nerthemedefault.sty
\beamer@dima=\dimen294
\beamer@dimb=\dimen295
)
(C:\Users\wagner.araujo\AppData\Local\Programs\MiKTeX\tex/latex/beamer\beamerou
terthemedefault.sty)))
(C:\Users\wagner.araujo\AppData\Local\Programs\MiKTeX\tex/latex/base\inputenc.s
ty
Package: inputenc 2021/02/14 v1.3d Input encoding file
\inpenc@prehook=\toks48
\inpenc@posthook=\toks49
)
(C:\Users\wagner.araujo\AppData\Local\Programs\MiKTeX\tex/latex/booktabs\bookta
bs.sty
Package: booktabs 2020/01/12 v1.61803398 Publication quality tables
\heavyrulewidth=\dimen296
\lightrulewidth=\dimen297
\cmidrulewidth=\dimen298
\belowrulesep=\dimen299
\belowbottomsep=\dimen300
\aboverulesep=\dimen301
\abovetopsep=\dimen302
\cmidrulesep=\dimen303
\cmidrulekern=\dimen304
\defaultaddspace=\dimen305
\@cmidla=\count337
\@cmidlb=\count338
\@aboverulesep=\dimen306
\@belowrulesep=\dimen307
\@thisruleclass=\count339
\@lastruleclass=\count340
\@thisrulewidth=\dimen308
)
(C:\Users\wagner.araujo\AppData\Local\Programs\MiKTeX\tex/latex/caption\subcapt
ion.sty
Package: subcaption 2023/07/28 v1.6b Sub-captions (AR)

(C:\Users\wagner.araujo\AppData\Local\Programs\MiKTeX\tex/latex/caption\caption
.sty
Package: caption 2023/08/05 v3.6o Customizing captions (AR)

(C:\Users\wagner.araujo\AppData\Local\Programs\MiKTeX\tex/latex/caption\caption
3.sty
Package: caption3 2023/07/31 v2.4d caption3 kernel (AR)
\caption@tempdima=\dimen309
\captionmargin=\dimen310
\caption@leftmargin=\dimen311
\caption@rightmargin=\dimen312
\caption@width=\dimen313
\caption@indent=\dimen314
\caption@parindent=\dimen315
\caption@hangindent=\dimen316
Package caption Info: beamer document class detected.

(C:\Users\wagner.araujo\AppData\Local\Programs\MiKTeX\tex/latex/caption\caption
-beamer.sto
File: caption-beamer.sto 2022/01/06 v2.0c Adaption of the caption package to th
e beamer document classes (AR)
))
\c@caption@flags=\count341
\c@continuedfloat=\count342
Package caption Info: hyperref package is loaded.
Package caption Info: Hyperref support is turned off
(caption)             because hyperref has stopped early.
)
Package caption Info: New subtype `subfigure' on input line 238.
\c@subfigure=\count343
Package caption Info: New subtype `subtable' on input line 238.
\c@subtable=\count344
)
(C:\Users\wagner.araujo\AppData\Local\Programs\MiKTeX\tex/latex/ragged2e\ragged
2e.sty
Package: ragged2e 2023/06/22 v3.6 ragged2e Package
\CenteringLeftskip=\skip68
\RaggedLeftLeftskip=\skip69
\RaggedRightLeftskip=\skip70
\CenteringRightskip=\skip71
\RaggedLeftRightskip=\skip72
\RaggedRightRightskip=\skip73
\CenteringParfillskip=\skip74
\RaggedLeftParfillskip=\skip75
\RaggedRightParfillskip=\skip76
\JustifyingParfillskip=\skip77
\CenteringParindent=\skip78
\RaggedLeftParindent=\skip79
\RaggedRightParindent=\skip80
\JustifyingParindent=\skip81
)
(C:\Users\wagner.araujo\AppData\Local\Programs\MiKTeX\tex/latex/abntex2\abntex2
cite.sty
Package: abntex2cite 2018/11/24 v-1.9.7 abnTeX2

(C:\Users\wagner.araujo\AppData\Local\Programs\MiKTeX\tex/latex/base\ifthen.sty
Package: ifthen 2022/04/13 v1.1d Standard LaTeX ifthen package (DPC)
)
(C:\Users\wagner.araujo\AppData\Local\Programs\MiKTeX\tex/latex/tools\calc.sty
Package: calc 2023/07/08 v4.3 Infix arithmetic (KKT,FJ)
\calc@Acount=\count345
\calc@Bcount=\count346
\calc@Adimen=\dimen317
\calc@Bdimen=\dimen318
\calc@Askip=\skip82
\calc@Bskip=\skip83
LaTeX Info: Redefining \setlength on input line 80.
LaTeX Info: Redefining \addtolength on input line 81.
\calc@Ccount=\count347
\calc@Cskip=\skip84
)
(C:\Users\wagner.araujo\AppData\Local\Programs\MiKTeX\tex/latex/abntex2\abntex2
abrev.sty)
(C:\Users\wagner.araujo\AppData\Local\Programs\MiKTeX\tex/latex/setspace\setspa
ce.sty
Package: setspace 2022/12/04 v6.7b set line spacing
)
\bibindent=\skip85
\minimumbiblabelwidth=\skip86
\ABCIauxlen=\skip87
\c@ABCIaux=\count348
\c@ABCImax=\count349

(C:\Users\wagner.araujo\AppData\Local\Programs\MiKTeX\tex/generic/iftex\ifpdf.s
ty
Package: ifpdf 2019/10/25 v3.4 ifpdf legacy package. Use iftex instead.
)
(C:\Users\wagner.araujo\AppData\Local\Programs\MiKTeX\tex/generic/iftex\ifxetex
.sty
Package: ifxetex 2019/10/25 v0.7 ifxetex legacy package. Use iftex instead.
)
(C:\Users\wagner.araujo\AppData\Local\Programs\MiKTeX\tex/latex/relsize\relsize
.sty
Package: relsize 2013/03/29 ver 4.1
)
\biblabelsep=\skip88
LaTeX Info: Redefining \newblock on input line 591.
LaTeX Info: Redefining \cite on input line 618.
\ABCItoken=\toks50
)
(C:\Users\wagner.araujo\AppData\Local\Programs\MiKTeX\tex/generic/babel\babel.s
ty
Package: babel 2023/12/10 v3.99 The Babel package
\babel@savecnt=\count350
\U@D=\dimen319
\l@unhyphenated=\language79

(C:\Users\wagner.araujo\AppData\Local\Programs\MiKTeX\tex/generic/babel\txtbabe
l.def)
\bbl@readstream=\read3
LaTeX Info: Redefining \textlatin on input line 3986.
\bbl@dirlevel=\count351

*************************************
* Local config file bblopts.cfg used
*

(C:\Users\wagner.araujo\AppData\Local\Programs\MiKTeX\tex/latex/arabi\bblopts.c
fg
File: bblopts.cfg 2005/09/08 v0.1 add Arabic and Farsi to "declared" options of
 babel
)
(C:\Users\wagner.araujo\AppData\Local\Programs\MiKTeX\tex/latex/babel-english\e
nglish.ldf
Language: english 2017/06/06 v3.3r English support from the babel system
Package babel Info: Hyphen rules for 'canadian' set to \l@english
(babel)             (\language0). Reported on input line 102.
Package babel Info: Hyphen rules for 'australian' set to \l@ukenglish
(babel)             (\language73). Reported on input line 105.
Package babel Info: Hyphen rules for 'newzealand' set to \l@ukenglish
(babel)             (\language73). Reported on input line 108.
)
(C:\Users\wagner.araujo\AppData\Local\Programs\MiKTeX\tex/latex/babel-portuges\
brazil.ldf
Language: portuges 2021/07/09 v1.2t Portuguese support from the babel system
Package babel Info: Hyphen rules for 'brazil' set to \l@portuguese
(babel)             (\language56). Reported on input line 111.
Package babel Info: Making " an active character on input line 143.
))
(C:\Users\wagner.araujo\AppData\Local\Programs\MiKTeX\tex/generic/babel/locale/
en\babel-english.tex
Package babel Info: Importing font and identification data for english
(babel)             from babel-en.ini. Reported on input line 11.
) (beamerthemeUfg.sty
Package: beamerthemeUfg 2019/10/15

(C:\Users\wagner.araujo\AppData\Local\Programs\MiKTeX\tex/latex/roboto\roboto.s
ty
Package: roboto 2022/09/10 (Bob Tennent) Supports Roboto fonts for all LaTeX en
gines.

(C:\Users\wagner.araujo\AppData\Local\Programs\MiKTeX\tex/generic/iftex\ifluate
x.sty
Package: ifluatex 2019/10/25 v1.5 ifluatex legacy package. Use iftex instead.
)
(C:\Users\wagner.araujo\AppData\Local\Programs\MiKTeX\tex/latex/xkeyval\xkeyval
.sty
Package: xkeyval 2022/06/16 v2.9 package option processing (HA)

(C:\Users\wagner.araujo\AppData\Local\Programs\MiKTeX\tex/generic/xkeyval\xkeyv
al.tex
(C:\Users\wagner.araujo\AppData\Local\Programs\MiKTeX\tex/generic/xkeyval\xkvut
ils.tex
\XKV@toks=\toks51
\XKV@tempa@toks=\toks52
)
\XKV@depth=\count352
File: xkeyval.tex 2014/12/03 v2.7a key=value parser (HA)
))
(C:\Users\wagner.araujo\AppData\Local\Programs\MiKTeX\tex/latex/base\textcomp.s
ty
Package: textcomp 2020/02/02 v2.0n Standard LaTeX package
)
(C:\Users\wagner.araujo\AppData\Local\Programs\MiKTeX\tex/latex/base\fontenc.st
y
Package: fontenc 2021/04/29 v2.0v Standard LaTeX package
)
(C:\Users\wagner.araujo\AppData\Local\Programs\MiKTeX\tex/latex/fontaxes\fontax
es.sty
Package: fontaxes 2020/07/21 v1.0e Font selection axes
LaTeX Info: Redefining \upshape on input line 29.
LaTeX Info: Redefining \itshape on input line 31.
LaTeX Info: Redefining \slshape on input line 33.
LaTeX Info: Redefining \swshape on input line 35.
LaTeX Info: Redefining \scshape on input line 37.
LaTeX Info: Redefining \sscshape on input line 39.
LaTeX Info: Redefining \ulcshape on input line 41.
LaTeX Info: Redefining \textsw on input line 47.
LaTeX Info: Redefining \textssc on input line 48.
LaTeX Info: Redefining \textulc on input line 49.
))
(C:\Users\wagner.araujo\AppData\Local\Programs\MiKTeX\tex/latex/pgf/frontendlay
er\tikz.sty
(C:\Users\wagner.araujo\AppData\Local\Programs\MiKTeX\tex/latex/pgf/basiclayer\
pgf.sty
Package: pgf 2023-01-15 v3.1.10 (3.1.10)

(C:\Users\wagner.araujo\AppData\Local\Programs\MiKTeX\tex/generic/pgf/modules\p
gfmoduleshapes.code.tex
File: pgfmoduleshapes.code.tex 2023-01-15 v3.1.10 (3.1.10)
\pgfnodeparttextbox=\box78
)
(C:\Users\wagner.araujo\AppData\Local\Programs\MiKTeX\tex/generic/pgf/modules\p
gfmoduleplot.code.tex
File: pgfmoduleplot.code.tex 2023-01-15 v3.1.10 (3.1.10)
)
(C:\Users\wagner.araujo\AppData\Local\Programs\MiKTeX\tex/latex/pgf/compatibili
ty\pgfcomp-version-0-65.sty
Package: pgfcomp-version-0-65 2023-01-15 v3.1.10 (3.1.10)
\pgf@nodesepstart=\dimen320
\pgf@nodesepend=\dimen321
)
(C:\Users\wagner.araujo\AppData\Local\Programs\MiKTeX\tex/latex/pgf/compatibili
ty\pgfcomp-version-1-18.sty
Package: pgfcomp-version-1-18 2023-01-15 v3.1.10 (3.1.10)
))
(C:\Users\wagner.araujo\AppData\Local\Programs\MiKTeX\tex/latex/pgf/utilities\p
gffor.sty
(C:\Users\wagner.araujo\AppData\Local\Programs\MiKTeX\tex/generic/pgf/utilities
\pgffor.code.tex
Package: pgffor 2023-01-15 v3.1.10 (3.1.10)
\pgffor@iter=\dimen322
\pgffor@skip=\dimen323
\pgffor@stack=\toks53
\pgffor@toks=\toks54
))
(C:\Users\wagner.araujo\AppData\Local\Programs\MiKTeX\tex/generic/pgf/frontendl
ayer/tikz\tikz.code.tex
Package: tikz 2023-01-15 v3.1.10 (3.1.10)

(C:\Users\wagner.araujo\AppData\Local\Programs\MiKTeX\tex/generic/pgf/libraries
\pgflibraryplothandlers.code.tex
File: pgflibraryplothandlers.code.tex 2023-01-15 v3.1.10 (3.1.10)
\pgf@plot@mark@count=\count353
\pgfplotmarksize=\dimen324
)
\tikz@lastx=\dimen325
\tikz@lasty=\dimen326
\tikz@lastxsaved=\dimen327
\tikz@lastysaved=\dimen328
\tikz@lastmovetox=\dimen329
\tikz@lastmovetoy=\dimen330
\tikzleveldistance=\dimen331
\tikzsiblingdistance=\dimen332
\tikz@figbox=\box79
\tikz@figbox@bg=\box80
\tikz@tempbox=\box81
\tikz@tempbox@bg=\box82
\tikztreelevel=\count354
\tikznumberofchildren=\count355
\tikznumberofcurrentchild=\count356
\tikz@fig@count=\count357

(C:\Users\wagner.araujo\AppData\Local\Programs\MiKTeX\tex/generic/pgf/modules\p
gfmodulematrix.code.tex
File: pgfmodulematrix.code.tex 2023-01-15 v3.1.10 (3.1.10)
\pgfmatrixcurrentrow=\count358
\pgfmatrixcurrentcolumn=\count359
\pgf@matrix@numberofcolumns=\count360
)
\tikz@expandcount=\count361

(C:\Users\wagner.araujo\AppData\Local\Programs\MiKTeX\tex/generic/pgf/frontendl
ayer/tikz/libraries\tikzlibrarytopaths.code.tex
File: tikzlibrarytopaths.code.tex 2023-01-15 v3.1.10 (3.1.10)
)))
(C:\Users\wagner.araujo\AppData\Local\Programs\MiKTeX\tex/latex/base\fontenc.st
y
Package: fontenc 2021/04/29 v2.0v Standard LaTeX package
LaTeX Font Info:    Trying to load font information for T1+Roboto-LF on input l
ine 112.

(C:\Users\wagner.araujo\AppData\Local\Programs\MiKTeX\tex/latex/roboto\t1roboto
-lf.fd
File: T1Roboto-LF.fd 2019/12/11 (autoinst) Font definitions for T1/Roboto-LF.
)
LaTeX Font Info:    Font shape `T1/Roboto-LF/m/n' aliased to
(Font)              `T1/Roboto-LF/regular/n' on input line 112.
LaTeX Font Info:    Font shape `T1/Roboto-LF/regular/n' will be
(Font)              scaled to size 10.95pt on input line 112.
)
(C:\Users\wagner.araujo\AppData\Local\Programs\MiKTeX\tex/latex/adjustbox\adjus
tbox.sty
Package: adjustbox 2022/10/17 v1.3a Adjusting TeX boxes (trim, clip, ...)

(C:\Users\wagner.araujo\AppData\Local\Programs\MiKTeX\tex/latex/adjustbox\adjca
lc.sty
Package: adjcalc 2012/05/16 v1.1 Provides advanced setlength with multiple back
-ends (calc, etex, pgfmath)
)
(C:\Users\wagner.araujo\AppData\Local\Programs\MiKTeX\tex/latex/adjustbox\trimc
lip.sty
Package: trimclip 2020/08/19 v1.2 Trim and clip general TeX material

(C:\Users\wagner.araujo\AppData\Local\Programs\MiKTeX\tex/latex/collectbox\coll
ectbox.sty
Package: collectbox 2022/10/17 v0.4c Collect macro arguments as boxes
\collectedbox=\box83
)
\tc@llx=\dimen333
\tc@lly=\dimen334
\tc@urx=\dimen335
\tc@ury=\dimen336
Package trimclip Info: Using driver 'tc-pdftex.def'.

(C:\Users\wagner.araujo\AppData\Local\Programs\MiKTeX\tex/latex/adjustbox\tc-pd
ftex.def
File: tc-pdftex.def 2019/01/04 v2.2 Clipping driver for pdftex
))
\adjbox@Width=\dimen337
\adjbox@Height=\dimen338
\adjbox@Depth=\dimen339
\adjbox@Totalheight=\dimen340
\adjbox@pwidth=\dimen341
\adjbox@pheight=\dimen342
\adjbox@pdepth=\dimen343
\adjbox@ptotalheight=\dimen344

(C:\Users\wagner.araujo\AppData\Local\Programs\MiKTeX\tex/latex/ifoddpage\ifodd
page.sty
Package: ifoddpage 2022/10/18 v1.2 Conditionals for odd/even page detection
\c@checkoddpage=\count362
)
(C:\Users\wagner.araujo\AppData\Local\Programs\MiKTeX\tex/latex/varwidth\varwid
th.sty
Package: varwidth 2009/03/30 ver 0.92;  Variable-width minipages
\@vwid@box=\box84
\sift@deathcycles=\count363
\@vwid@loff=\dimen345
\@vwid@roff=\dimen346
))

Package hyperref Warning: Token not allowed in a PDF string (Unicode):
(hyperref)                removing `\kernel@ifnextchar' on input line 23.

Package hyperref Info: Option `colorlinks' set `true' on input line 23.

(C:\Users\wagner.araujo\AppData\Local\Programs\MiKTeX\tex/latex/beamer\beamerfo
ntthemeserif.sty)

pdfTeX warning: pdflatex.exe (file ./lib/layouts/title_bg.pdf): PDF inclusion: 
found PDF version <1.7>, but at most version <1.5> allowed
)
\c@conj=\count364
\c@defi=\count365
\c@teo=\count366
\c@lema=\count367
\c@prop=\count368
\c@cor=\count369
\c@ex=\count370
\c@exer=\count371

(C:\Users\wagner.araujo\AppData\Local\Programs\MiKTeX\tex/latex/l3backend\l3bac
kend-pdftex.def
File: l3backend-pdftex.def 2024-01-04 L3 backend support: PDF output (pdfTeX)
\l__color_backend_stack_int=\count372
\l__pdf_internal_box=\box85
) (APRESENTACAO_IFG_2023.aux)
\openout1 = `APRESENTACAO_IFG_2023.aux'.

LaTeX Font Info:    Checking defaults for OML/cmm/m/it on input line 42.
LaTeX Font Info:    ... okay on input line 42.
LaTeX Font Info:    Checking defaults for OMS/cmsy/m/n on input line 42.
LaTeX Font Info:    ... okay on input line 42.
LaTeX Font Info:    Checking defaults for OT1/cmr/m/n on input line 42.
LaTeX Font Info:    ... okay on input line 42.
LaTeX Font Info:    Checking defaults for T1/cmr/m/n on input line 42.
LaTeX Font Info:    ... okay on input line 42.
LaTeX Font Info:    Checking defaults for TS1/cmr/m/n on input line 42.
LaTeX Font Info:    ... okay on input line 42.
LaTeX Font Info:    Checking defaults for OMX/cmex/m/n on input line 42.
LaTeX Font Info:    ... okay on input line 42.
LaTeX Font Info:    Checking defaults for U/cmr/m/n on input line 42.
LaTeX Font Info:    ... okay on input line 42.
LaTeX Font Info:    Checking defaults for PD1/pdf/m/n on input line 42.
LaTeX Font Info:    ... okay on input line 42.
LaTeX Font Info:    Checking defaults for PU/pdf/m/n on input line 42.
LaTeX Font Info:    ... okay on input line 42.

*geometry* driver: auto-detecting
*geometry* detected driver: pdftex
*geometry* verbose mode - [ preamble ] result:
* driver: pdftex
* paper: custom
* layout: <same size as paper>
* layoutoffset:(h,v)=(0.0pt,0.0pt)
* modes: includehead includefoot 
* h-part:(L,W,R)=(19.91814pt, 374.29745pt, 61.02849pt)
* v-part:(T,H,B)=(0.0pt, 256.0748pt, 0.0pt)
* \paperwidth=455.24408pt
* \paperheight=256.0748pt
* \textwidth=374.29745pt
* \textheight=227.62207pt
* \oddsidemargin=-52.35185pt
* \evensidemargin=-52.35185pt
* \topmargin=-72.26999pt
* \headheight=14.22636pt
* \headsep=0.0pt
* \topskip=11.0pt
* \footskip=14.22636pt
* \marginparwidth=4.0pt
* \marginparsep=10.0pt
* \columnsep=10.0pt
* \skip\footins=10.0pt plus 4.0pt minus 2.0pt
* \hoffset=0.0pt
* \voffset=0.0pt
* \mag=1000
* \@twocolumnfalse
* \@twosidefalse
* \@mparswitchfalse
* \@reversemarginfalse
* (1in=72.27pt=25.4mm, 1cm=28.453pt)


(C:\Users\wagner.araujo\AppData\Local\Programs\MiKTeX\tex/context/base/mkii\sup
p-pdf.mkii
[Loading MPS to PDF converter (version 2006.09.02).]
\scratchcounter=\count373
\scratchdimen=\dimen347
\scratchbox=\box86
\nofMPsegments=\count374
\nofMParguments=\count375
\everyMPshowfont=\toks55
\MPscratchCnt=\count376
\MPscratchDim=\dimen348
\MPnumerator=\count377
\makeMPintoPDFobject=\count378
\everyMPtoPDFconversion=\toks56
)
(C:\Users\wagner.araujo\AppData\Local\Programs\MiKTeX\tex/latex/epstopdf-pkg\ep
stopdf-base.sty
Package: epstopdf-base 2020-01-24 v2.11 Base part for package epstopdf
Package epstopdf-base Info: Redefining graphics rule for `.eps' on input line 4
85.

(C:\Users\wagner.araujo\AppData\Local\Programs\MiKTeX\tex/latex/00miktex\epstop
df-sys.cfg
File: epstopdf-sys.cfg 2021/03/18 v2.0 Configuration of epstopdf for MiKTeX
))
Package hyperref Info: Link coloring ON on input line 42.
 (APRESENTACAO_IFG_2023.out) (APRESENTACAO_IFG_2023.out)
\@outlinefile=\write5
\openout5 = `APRESENTACAO_IFG_2023.out'.


(C:\Users\wagner.araujo\AppData\Local\Programs\MiKTeX\tex/latex/translator\tran
slator-basic-dictionary-English.dict
Dictionary: translator-basic-dictionary, Language: English 
)
(C:\Users\wagner.araujo\AppData\Local\Programs\MiKTeX\tex/latex/translator\tran
slator-bibliography-dictionary-English.dict
Dictionary: translator-bibliography-dictionary, Language: English 
)
(C:\Users\wagner.araujo\AppData\Local\Programs\MiKTeX\tex/latex/translator\tran
slator-environment-dictionary-English.dict
Dictionary: translator-environment-dictionary, Language: English 
)
(C:\Users\wagner.araujo\AppData\Local\Programs\MiKTeX\tex/latex/translator\tran
slator-months-dictionary-English.dict
Dictionary: translator-months-dictionary, Language: English 
)
(C:\Users\wagner.araujo\AppData\Local\Programs\MiKTeX\tex/latex/translator\tran
slator-numbers-dictionary-English.dict
Dictionary: translator-numbers-dictionary, Language: English 
)
(C:\Users\wagner.araujo\AppData\Local\Programs\MiKTeX\tex/latex/translator\tran
slator-theorem-dictionary-English.dict
Dictionary: translator-theorem-dictionary, Language: English 
)
Package caption Info: Begin \AtBeginDocument code.
Package caption Info: End \AtBeginDocument code.
\c@mv@tabular=\count379
\c@mv@boldtabular=\count380
 (APRESENTACAO_IFG_2023.nav)
LaTeX Font Info:    Font shape `T1/Roboto-LF/m/n' aliased to
(Font)              `T1/Roboto-LF/regular/n' on input line 42.
LaTeX Font Info:    Font shape `T1/Roboto-LF/regular/n' will be
(Font)              scaled to size 6.0pt on input line 42.


Package hyperref Warning: Option `pdfauthor' has already been used,
(hyperref)                setting the option has no effect on input line 47.

LaTeX Font Info:    Font shape `T1/Roboto-LF/m/n' aliased to
(Font)              `T1/Roboto-LF/regular/n' on input line 66.
LaTeX Font Info:    Font shape `T1/Roboto-LF/regular/n' will be
(Font)              scaled to size 14.4pt on input line 66.
LaTeX Font Info:    Font shape `T1/Roboto-LF/b/n' aliased to
(Font)              `T1/Roboto-LF/bold/n' on input line 66.
LaTeX Font Info:    Font shape `T1/Roboto-LF/bold/n' will be
(Font)              scaled to size 14.4pt on input line 66.
LaTeX Font Info:    Font shape `T1/Roboto-LF/b/n' aliased to
(Font)              `T1/Roboto-LF/bold/n' on input line 66.
LaTeX Font Info:    Font shape `T1/Roboto-LF/bold/n' will be
(Font)              scaled to size 8.0pt on input line 66.
LaTeX Font Info:    Trying to load font information for U+msa on input line 66.


(C:\Users\wagner.araujo\AppData\Local\Programs\MiKTeX\tex/latex/amsfonts\umsa.f
d
File: umsa.fd 2013/01/14 v3.01 AMS symbols A
)
LaTeX Font Info:    Trying to load font information for U+msb on input line 66.


(C:\Users\wagner.araujo\AppData\Local\Programs\MiKTeX\tex/latex/amsfonts\umsb.f
d
File: umsb.fd 2013/01/14 v3.01 AMS symbols B
)
LaTeX Font Info:    Font shape `T1/Roboto-LF/b/n' aliased to
(Font)              `T1/Roboto-LF/bold/n' on input line 66.
LaTeX Font Info:    Font shape `T1/Roboto-LF/bold/n' will be
(Font)              scaled to size 6.0pt on input line 66.
LaTeX Font Info:    Font shape `T1/Roboto-LF/m/n' aliased to
(Font)              `T1/Roboto-LF/regular/n' on input line 66.
LaTeX Font Info:    Font shape `T1/Roboto-LF/regular/n' will be
(Font)              scaled to size 10.0pt on input line 66.
LaTeX Font Info:    Font shape `T1/Roboto-LF/b/n' aliased to
(Font)              `T1/Roboto-LF/bold/n' on input line 66.
LaTeX Font Info:    Font shape `T1/Roboto-LF/bold/n' will be
(Font)              scaled to size 10.0pt on input line 66.
LaTeX Font Info:    Font shape `T1/Roboto-LF/b/n' aliased to
(Font)              `T1/Roboto-LF/bold/n' on input line 66.
LaTeX Font Info:    Font shape `T1/Roboto-LF/bold/n' will be
(Font)              scaled to size 7.0pt on input line 66.
LaTeX Font Info:    Font shape `T1/Roboto-LF/m/n' aliased to
(Font)              `T1/Roboto-LF/regular/n' on input line 66.
LaTeX Font Info:    Font shape `T1/Roboto-LF/regular/n' will be
(Font)              scaled to size 8.0pt on input line 66.

Overfull \hbox (45.52718pt too wide) has occurred while \output is active
 [] 
 []

LaTeX Font Info:    Font shape `T1/Roboto-LF/m/n' aliased to
(Font)              `T1/Roboto-LF/regular/n' on input line 66.
LaTeX Font Info:    Font shape `T1/Roboto-LF/regular/n' will be
(Font)              scaled to size 4.0pt on input line 66.
[1

{C:/Users/wagner.araujo/AppData/Local/MiKTeX/fonts/map/pdftex/pdftex.map}{C:/Us
ers/wagner.araujo/AppData/Local/Programs/MiKTeX/fonts/enc/dvips/roboto/rbto_b5r
ac7.enc} <./lib/layouts/intro_bg.pdf> <./lib/logos/logo_cc.png> <./lib/logos/IF
GVB.jpg>]
Overfull \hbox (2.96399pt too wide) in paragraph at lines 75--75
[][][][]  
 []

(APRESENTACAO_IFG_2023.toc)
LaTeX Font Info:    Font shape `T1/Roboto-LF/m/n' aliased to
(Font)              `T1/Roboto-LF/regular/n' on input line 75.
LaTeX Font Info:    Font shape `T1/Roboto-LF/regular/n' will be
(Font)              scaled to size 17.28pt on input line 75.
LaTeX Font Info:    Font shape `T1/Roboto-LF/b/n' aliased to
(Font)              `T1/Roboto-LF/bold/n' on input line 75.
LaTeX Font Info:    Font shape `T1/Roboto-LF/bold/n' will be
(Font)              scaled to size 17.28pt on input line 75.

Overfull \hbox (45.52718pt too wide) has occurred while \output is active
 [] 
 []


Overfull \hbox (2.96399pt too wide) has occurred while \output is active
[][][][] 
 []

[2

 <./lib/layouts/vertical_bg.pdf> <./lib/logos/logo_cc.png>]
Overfull \hbox (2.96399pt too wide) in paragraph at lines 89--89
[][][][]  
 []


Overfull \hbox (45.52718pt too wide) has occurred while \output is active
 [] 
 []


Overfull \hbox (2.96399pt too wide) has occurred while \output is active
[][][][] 
 []

[3

]
Overfull \hbox (2.96399pt too wide) in paragraph at lines 110--110
[][][][]  
 []

LaTeX Font Info:    Font shape `T1/Roboto-LF/m/n' aliased to
(Font)              `T1/Roboto-LF/regular/n' on input line 110.
LaTeX Font Info:    Font shape `T1/Roboto-LF/regular/n' will be
(Font)              scaled to size 9.0pt on input line 110.
LaTeX Font Info:    Font shape `T1/Roboto-LF/m/it' aliased to
(Font)              `T1/Roboto-LF/regular/it' on input line 110.
LaTeX Font Info:    Font shape `T1/Roboto-LF/regular/it' will be
(Font)              scaled to size 9.0pt on input line 110.
LaTeX Font Info:    Font shape `T1/Roboto-LF/m/n' aliased to
(Font)              `T1/Roboto-LF/regular/n' on input line 110.
LaTeX Font Info:    Font shape `T1/Roboto-LF/regular/n' will be
(Font)              scaled to size 12.0pt on input line 110.
LaTeX Font Info:    Font shape `T1/Roboto-LF/b/n' aliased to
(Font)              `T1/Roboto-LF/bold/n' on input line 110.
LaTeX Font Info:    Font shape `T1/Roboto-LF/bold/n' will be
(Font)              scaled to size 12.0pt on input line 110.

Overfull \hbox (45.52718pt too wide) has occurred while \output is active
 [] 
 []


Overfull \hbox (2.96399pt too wide) has occurred while \output is active
[][][][] 
 []

[4

]
Overfull \hbox (2.96399pt too wide) in paragraph at lines 133--133
[][][][]  
 []


Underfull \hbox (badness 2027) in paragraph at lines 133--133
[]\T1/Roboto-LF/regular/n/10.95 Este mé-todo de teste abrange o
 []


Underfull \hbox (badness 1460) in paragraph at lines 133--133
\T1/Roboto-LF/regular/n/10.95 so-los ma-cios, sa-tu-ra-dos e co-e-si-
 []


Underfull \hbox (badness 1424) in paragraph at lines 133--133
\T1/Roboto-LF/regular/n/10.95 lheta deve ser feito é ne-ces-sá-rio
 []



pdfTeX warning: pdflatex.exe (file ./figs/NBR10905_V2.pdf): PDF inclusion: foun
d PDF version <1.7>, but at most version <1.5> allowed

Overfull \hbox (45.52718pt too wide) has occurred while \output is active
 [] 
 []


Overfull \hbox (2.96399pt too wide) has occurred while \output is active
[][][][] 
 []

[5

 <./figs/NBR10905_V2.pdf>]
Overfull \hbox (2.96399pt too wide) in paragraph at lines 163--163
[][][][]  
 []

LaTeX Font Info:    Font shape `T1/Roboto-LF/b/n' aliased to
(Font)              `T1/Roboto-LF/bold/n' on input line 163.
LaTeX Font Info:    Font shape `T1/Roboto-LF/bold/n' will be
(Font)              scaled to size 10.95pt on input line 163.

Overfull \hbox (45.52718pt too wide) has occurred while \output is active
 [] 
 []


Overfull \hbox (2.96399pt too wide) has occurred while \output is active
[][][][] 
 []

[6

]
Overfull \hbox (2.96399pt too wide) in paragraph at lines 179--179
[][][][]  
 []

<readme/layouts.png, id=139, 1075.01625pt x 469.755pt>
File: readme/layouts.png Graphic file (type png)
<use readme/layouts.png>
Package pdftex.def Info: readme/layouts.png  used on input line 179.
(pdftex.def)             Requested size: 336.86542pt x 147.19948pt.

Overfull \hbox (45.52718pt too wide) has occurred while \output is active
 [] 
 []


Overfull \hbox (2.96399pt too wide) has occurred while \output is active
[][][][] 
 []

[7

 <./readme/layouts.png>]
Overfull \hbox (2.96399pt too wide) in paragraph at lines 194--194
[][][][]  
 []


Overfull \hbox (45.52718pt too wide) has occurred while \output is active
 [] 
 []


Overfull \hbox (2.96399pt too wide) has occurred while \output is active
[][][][] 
 []

[8

]
Overfull \hbox (45.52718pt too wide) has occurred while \output is active
 [] 
 []


Overfull \hbox (2.96399pt too wide) has occurred while \output is active
[][][][] 
 []

[9

]
Overfull \hbox (45.52718pt too wide) has occurred while \output is active
 [] 
 []


Overfull \hbox (2.96399pt too wide) has occurred while \output is active
[][][][] 
 []

[10

]
Overfull \hbox (45.52718pt too wide) has occurred while \output is active
 [] 
 []


Overfull \hbox (2.96399pt too wide) has occurred while \output is active
[][][][] 
 []

[11

]
Overfull \hbox (2.96399pt too wide) in paragraph at lines 218--218
[][][][]  
 []


Overfull \hbox (1.22406pt too wide) in paragraph at lines 218--218
[]|\T1/Roboto-LF/regular/n/10.95 a11| 
 []


Overfull \hbox (2.61472pt too wide) in paragraph at lines 218--218
[]|\T1/Roboto-LF/regular/n/10.95 a12| 
 []


Overfull \hbox (2.61472pt too wide) in paragraph at lines 218--218
[]|\T1/Roboto-LF/regular/n/10.95 a13| 
 []


Overfull \hbox (2.61472pt too wide) in paragraph at lines 218--218
[]|\T1/Roboto-LF/regular/n/10.95 a14| 
 []


Overfull \hbox (2.61472pt too wide) in paragraph at lines 218--218
[]|\T1/Roboto-LF/regular/n/10.95 a21| 
 []


Overfull \hbox (4.00537pt too wide) in paragraph at lines 218--218
[]|\T1/Roboto-LF/regular/n/10.95 a22| 
 []


Overfull \hbox (4.00537pt too wide) in paragraph at lines 218--218
[]|\T1/Roboto-LF/regular/n/10.95 a23| 
 []


Overfull \hbox (4.00537pt too wide) in paragraph at lines 218--218
[]|\T1/Roboto-LF/regular/n/10.95 a24| 
 []


Overfull \hbox (2.61472pt too wide) in paragraph at lines 218--218
[]|\T1/Roboto-LF/regular/n/10.95 a31| 
 []


Overfull \hbox (4.00537pt too wide) in paragraph at lines 218--218
[]|\T1/Roboto-LF/regular/n/10.95 a32| 
 []


Overfull \hbox (4.00537pt too wide) in paragraph at lines 218--218
[]|\T1/Roboto-LF/regular/n/10.95 a33| 
 []


Overfull \hbox (4.00537pt too wide) in paragraph at lines 218--218
[]|\T1/Roboto-LF/regular/n/10.95 a34| 
 []


Overfull \hbox (2.61472pt too wide) in paragraph at lines 218--218
[]|\T1/Roboto-LF/regular/n/10.95 a41| 
 []


Overfull \hbox (4.00537pt too wide) in paragraph at lines 218--218
[]|\T1/Roboto-LF/regular/n/10.95 a42| 
 []


Overfull \hbox (4.00537pt too wide) in paragraph at lines 218--218
[]|\T1/Roboto-LF/regular/n/10.95 a43| 
 []


Overfull \hbox (4.00537pt too wide) in paragraph at lines 218--218
[]|\T1/Roboto-LF/regular/n/10.95 a44| 
 []


Overfull \hbox (45.52718pt too wide) has occurred while \output is active
 [] 
 []


Overfull \hbox (2.96399pt too wide) has occurred while \output is active
[][][][] 
 []

[12

]
Overfull \hbox (2.96399pt too wide) in paragraph at lines 249--249
[][][][]  
 []


Overfull \hbox (45.52718pt too wide) has occurred while \output is active
 [] 
 []


Overfull \hbox (2.96399pt too wide) has occurred while \output is active
[][][][] 
 []

[13

]
Overfull \hbox (2.96399pt too wide) in paragraph at lines 273--273
[][][][]  
 []


Overfull \hbox (45.52718pt too wide) has occurred while \output is active
 [] 
 []


Overfull \hbox (2.96399pt too wide) has occurred while \output is active
[][][][] 
 []

[14

]
Overfull \hbox (2.96399pt too wide) in paragraph at lines 284--284
[][][][]  
 []


Overfull \hbox (45.52718pt too wide) has occurred while \output is active
 [] 
 []

LaTeX Font Info:    Font shape `T1/Roboto-LF/m/n' aliased to
(Font)              `T1/Roboto-LF/regular/n' on input line 284.
LaTeX Font Info:    Font shape `T1/Roboto-LF/regular/n' will be
(Font)              scaled to size 24.88pt on input line 284.
LaTeX Font Info:    Font shape `T1/Roboto-LF/b/n' aliased to
(Font)              `T1/Roboto-LF/bold/n' on input line 284.
LaTeX Font Info:    Font shape `T1/Roboto-LF/bold/n' will be
(Font)              scaled to size 24.88pt on input line 284.

Overfull \hbox (2.96399pt too wide) has occurred while \output is active
[][][][] 
 []

[15

 <./lib/layouts/title_bg.pdf>]
Overfull \hbox (2.96399pt too wide) in paragraph at lines 304--304
[][][][]  
 []


Overfull \hbox (45.52718pt too wide) has occurred while \output is active
 [] 
 []


Overfull \hbox (2.96399pt too wide) has occurred while \output is active
[][][][] 
 []

[16

 <./lib/layouts/horizontal_bg.pdf> <./lib/logos/logo_cc.png>]
Overfull \hbox (45.52718pt too wide) has occurred while \output is active
 [] 
 []


Overfull \hbox (2.96399pt too wide) has occurred while \output is active
[][][][] 
 []

[17

]
Overfull \hbox (45.52718pt too wide) has occurred while \output is active
 [] 
 []


Overfull \hbox (2.96399pt too wide) has occurred while \output is active
[][][][] 
 []

[18

]
Overfull \hbox (45.52718pt too wide) has occurred while \output is active
 [] 
 []


Overfull \hbox (2.96399pt too wide) has occurred while \output is active
[][][][] 
 []

[19

]
Overfull \hbox (2.96399pt too wide) in paragraph at lines 318--318
[][][][]  
 []

LaTeX Font Info:    Trying to load font information for TS1+Roboto-LF on input 
line 318.

(C:\Users\wagner.araujo\AppData\Local\Programs\MiKTeX\tex/latex/roboto\ts1robot
o-lf.fd
File: TS1Roboto-LF.fd 2019/12/11 (autoinst) Font definitions for TS1/Roboto-LF.

)
LaTeX Font Info:    Font shape `TS1/Roboto-LF/m/n' aliased to
(Font)              `TS1/Roboto-LF/regular/n' on input line 318.
LaTeX Font Info:    Font shape `TS1/Roboto-LF/regular/n' will be
(Font)              scaled to size 10.95pt on input line 318.
LaTeX Font Info:    Font shape `T1/Roboto-LF/b/it' aliased to
(Font)              `T1/Roboto-LF/bold/it' on input line 318.
LaTeX Font Info:    Font shape `T1/Roboto-LF/bold/it' will be
(Font)              scaled to size 17.28pt on input line 318.

Overfull \hbox (45.52718pt too wide) has occurred while \output is active
 [] 
 []


Overfull \hbox (2.96399pt too wide) has occurred while \output is active
[][][][] 
 []

[20

{C:/Users/wagner.araujo/AppData/Local/Programs/MiKTeX/fonts/enc/dvips/roboto/rb
to_ocbbsb.enc}]
Overfull \hbox (2.96399pt too wide) in paragraph at lines 335--335
[][][][]  
 []

(APRESENTACAO_IFG_2023.bbl)
Overfull \hbox (45.52718pt too wide) has occurred while \output is active
 [] 
 []


Overfull \hbox (2.96399pt too wide) has occurred while \output is active
[][][][] 
 []

[21

 <C:/Users/wagner.araujo/AppData/Local/Programs/MiKTeX/tex/latex/beamer/beameri
conarticle.pdf>]
Overfull \hbox (2.96399pt too wide) in paragraph at lines 370--370
[][][][]  
 []

<lib/logos/logo_cc_ifg2.png, id=261, 2385.91376pt x 482.80376pt>
File: lib/logos/logo_cc_ifg2.png Graphic file (type png)
<use lib/logos/logo_cc_ifg2.png>
Package pdftex.def Info: lib/logos/logo_cc_ifg2.png  used on input line 370.
(pdftex.def)             Requested size: 112.45833pt x 22.76228pt.

Overfull \hbox (37.59999pt too wide) in paragraph at lines 370--370
 [][] 
 []

<lib/logos/IFGVB.png, id=262, 1190.4475pt x 1736.4875pt>
File: lib/logos/IFGVB.png Graphic file (type png)
<use lib/logos/IFGVB.png>
Package pdftex.def Info: lib/logos/IFGVB.png  used on input line 370.
(pdftex.def)             Requested size: 38.9997pt x 56.9055pt.

Overfull \hbox (45.52718pt too wide) has occurred while \output is active
 [] 
 []


Overfull \hbox (2.96399pt too wide) has occurred while \output is active
[][][][] 
 []

[22

 <./lib/logos/logo_cc_ifg2.png> <./lib/logos/IFGVB.png>]
Overfull \hbox (45.52718pt too wide) has occurred while \output is active
 [] 
 []


Overfull \hbox (2.96399pt too wide) has occurred while \output is active
[][][][] 
 []

[23

]
\tf@nav=\write6
\openout6 = `APRESENTACAO_IFG_2023.nav'.

\tf@toc=\write7
\openout7 = `APRESENTACAO_IFG_2023.toc'.

\tf@snm=\write8
\openout8 = `APRESENTACAO_IFG_2023.snm'.

 (APRESENTACAO_IFG_2023.aux)
 ***********
LaTeX2e <2023-11-01>
L3 programming layer <2024-01-04>
 ***********
Package rerunfilecheck Info: File `APRESENTACAO_IFG_2023.out' has not changed.
(rerunfilecheck)             Checksum: 977D11439E76661980A964827C6DD848;753.
 ) 
Here is how much of TeX's memory you used:
 30402 strings out of 474485
 606658 string characters out of 5739958
 1936528 words of memory out of 5000000
 51958 multiletter control sequences out of 15000+600000
 674929 words of font info for 113 fonts, out of 8000000 for 9000
 1141 hyphenation exceptions out of 8191
 128i,19n,123p,457b,758s stack positions out of 10000i,1000n,20000p,200000b,200000s
<C:/Users/wagner.araujo/AppData/Local/Programs/MiKTeX/fonts/type1/google/robo
to/Roboto-Bold.pfb><C:/Users/wagner.araujo/AppData/Local/Programs/MiKTeX/fonts/
type1/google/roboto/Roboto-BoldItalic.pfb><C:/Users/wagner.araujo/AppData/Local
/Programs/MiKTeX/fonts/type1/google/roboto/Roboto-Regular.pfb><C:/Users/wagner.
araujo/AppData/Local/Programs/MiKTeX/fonts/type1/public/amsfonts/cm/cmmi10.pfb>
<C:/Users/wagner.araujo/AppData/Local/Programs/MiKTeX/fonts/type1/public/amsfon
ts/cm/cmmi9.pfb><C:/Users/wagner.araujo/AppData/Local/Programs/MiKTeX/fonts/typ
e1/public/amsfonts/cm/cmr10.pfb><C:/Users/wagner.araujo/AppData/Local/Programs/
MiKTeX/fonts/type1/public/amsfonts/cm/cmr6.pfb><C:/Users/wagner.araujo/AppData/
Local/Programs/MiKTeX/fonts/type1/public/amsfonts/cm/cmr8.pfb><C:/Users/wagner.
araujo/AppData/Local/Programs/MiKTeX/fonts/type1/public/amsfonts/cm/cmr9.pfb><C
:/Users/wagner.araujo/AppData/Local/Programs/MiKTeX/fonts/type1/public/amsfonts
/cm/cmsy10.pfb><C:/Users/wagner.araujo/AppData/Local/Programs/MiKTeX/fonts/type
1/public/amsfonts/cm/cmsy6.pfb><C:/Users/wagner.araujo/AppData/Local/Programs/M
iKTeX/fonts/type1/public/amsfonts/cm/cmsy9.pfb>
Output written on APRESENTACAO_IFG_2023.pdf (23 pages, 5613470 bytes).
PDF statistics:
 343 PDF objects out of 1000 (max. 8388607)
 60 named destinations out of 1000 (max. 500000)
 167 words of extra memory for PDF output out of 10000 (max. 10000000)

